<?xml version="1.0" encoding="UTF-8"?>
<testsuite xmlns:xsi="http://www.w3.org/2001/XMLSchema-instance" xsi:noNamespaceSchemaLocation="https://maven.apache.org/surefire/maven-surefire-plugin/xsd/surefire-test-report-3.0.xsd" version="3.0" name="edu.depaul.triangle.TriangleTest" time="0.025" tests="2" errors="1" skipped="0" failures="1">
  <properties>
[...]
</properties>
  <testcase name="demoError" classname="edu.depaul.triangle.TriangleTest" time="0.011">
    <error type="java.lang.RuntimeException"><![CDATA[java.lang.RuntimeException: Also not implemented yet
	at edu.depaul.triangle.TriangleTest.demoError(TriangleTest.java:19)
]]></error>
  </testcase>
  <testcase name="testIsosceles" classname="edu.depaul.triangle.TriangleTest" time="0.003">
    <failure type="org.opentest4j.AssertionFailedError"><![CDATA[org.opentest4j.AssertionFailedError: Not implemented yet
	at edu.depaul.triangle.TriangleTest.testIsosceles(TriangleTest.java:13)
]]></failure>
  </testcase>
</testsuite>